#
# There is insufficient memory for the Java Runtime Environment to continue.
# Native memory allocation (malloc) failed to allocate 1048576 bytes for AllocateHeap
# Possible reasons:
#   The system is out of physical RAM or swap space
#   In 32 bit mode, the process size limit was hit
# Possible solutions:
#   Reduce memory load on the system
#   Increase physical memory or swap space
#   Check if swap backing store is full
#   Use 64 bit Java on a 64 bit OS
#   Decrease Java heap size (-Xmx/-Xms)
#   Decrease number of Java threads
#   Decrease Java thread stack sizes (-Xss)
#   Set larger code cache with -XX:ReservedCodeCacheSize=
# This output file may be truncated or incomplete.
#
#  Out of Memory Error (memory/allocation.inline.hpp:61), pid=20764, tid=29096
#
# JRE version:  (8.0_73-b02) (build )
# Java VM: Java HotSpot(TM) 64-Bit Server VM (25.73-b02 mixed mode windows-amd64 compressed oops)
# Failed to write core dump. Minidumps are not enabled by default on client versions of Windows
#

---------------  T H R E A D  ---------------

Current thread (0x0000000002e8d800):  JavaThread "Unknown thread" [_thread_in_vm, id=29096, stack(0x0000000002ed0000,0x0000000002fd0000)]

Stack: [0x0000000002ed0000,0x0000000002fd0000]
[error occurred during error reporting (printing stack bounds), id 0xc0000005]

Native frames: (J=compiled Java code, j=interpreted, Vv=VM code, C=native code)


---------------  P R O C E S S  ---------------

Java Threads: ( => current thread )

Other Threads:

=>0x0000000002e8d800 (exited) JavaThread "Unknown thread" [_thread_in_vm, id=29096, stack(0x0000000002ed0000,0x0000000002fd0000)]

VM state:not at safepoint (normal execution)

VM Mutex/Monitor currently owned by a thread: None

Heap:
 PSYoungGen      total 152576K, used 2621K [0x0000000716180000, 0x0000000720b80000, 0x00000007c0000000)
  eden space 131072K, 2% used [0x0000000716180000,0x000000071640f5d0,0x000000071e180000)
  from space 21504K, 0% used [0x000000071f680000,0x000000071f680000,0x0000000720b80000)
  to   space 21504K, 0% used [0x000000071e180000,0x000000071e180000,0x000000071f680000)
 ParOldGen       total 348160K, used 0K [0x00000005c2400000, 0x00000005d7800000, 0x0000000716180000)
  object space 348160K, 0% used [0x00000005c2400000,0x00000005c2400000,0x00000005d7800000)
 Metaspace       used 746K, capacity 4480K, committed 4480K, reserved 1056768K
  class space    used 75K, capacity 384K, committed 384K, reserved 1048576K

Card table byte_map: [0x0000000012490000,0x0000000013480000] byte_map_base: 0x000000000f67e000

Marking Bits: (ParMarkBitMap*) 0x0000000061560600
 Begin Bits: [0x0000000014720000, 0x000000001c690000)
 End Bits:   [0x000000001c690000, 0x0000000024600000)

Polling page: 0x0000000001820000

CodeCache: size=245760Kb used=328Kb max_used=328Kb free=245431Kb
 bounds [0x00000000030d0000, 0x0000000003340000, 0x00000000120d0000]
 total_blobs=57 nmethods=0 adapters=37
 compilation: enabled

Compilation events (0 events):
No events

GC Heap History (0 events):
No events

Deoptimization events (0 events):
No events

Internal exceptions (0 events):
No events

Events (10 events):
Event: 0.017 loading class java/lang/Short
Event: 0.017 loading class java/lang/Short done
Event: 0.017 loading class java/lang/Integer
Event: 0.017 loading class java/lang/Integer done
Event: 0.017 loading class java/lang/Long
Event: 0.017 loading class java/lang/Long done
Event: 0.017 loading class java/lang/NullPointerException
Event: 0.017 loading class java/lang/NullPointerException done
Event: 0.017 loading class java/lang/ArithmeticException
Event: 0.017 loading class java/lang/ArithmeticException done


Dynamic libraries:
0x00007ff77db60000 - 0x00007ff77db97000 	C:\Program Files\Java\jre1.8.0_73\bin\javaw.exe
0x00007ffb4bcb0000 - 0x00007ffb4be7f000 	C:\WINDOWS\SYSTEM32\ntdll.dll
0x00007ffb4b670000 - 0x00007ffb4b71b000 	C:\WINDOWS\System32\KERNEL32.DLL
0x00007ffb48650000 - 0x00007ffb4886b000 	C:\WINDOWS\System32\KERNELBASE.dll
0x00007ffb4b2e0000 - 0x00007ffb4b380000 	C:\WINDOWS\System32\ADVAPI32.dll
0x00007ffb4b0e0000 - 0x00007ffb4b17e000 	C:\WINDOWS\System32\msvcrt.dll
0x00007ffb4b080000 - 0x00007ffb4b0d8000 	C:\WINDOWS\System32\sechost.dll
0x00007ffb4b8c0000 - 0x00007ffb4b9dd000 	C:\WINDOWS\System32\RPCRT4.dll
0x00007ffb4ba80000 - 0x00007ffb4bbe6000 	C:\WINDOWS\System32\USER32.dll
0x0000000065dc0000 - 0x0000000065dde000 	C:\WINDOWS\System32\win32u.dll
0x00007ffb4aab0000 - 0x00007ffb4aae1000 	C:\WINDOWS\System32\GDI32.dll
0x00007ffb489d0000 - 0x00007ffb48b56000 	C:\WINDOWS\System32\gdi32full.dll
0x00007ffb40640000 - 0x00007ffb408ac000 	C:\WINDOWS\WinSxS\amd64_microsoft.windows.common-controls_6595b64144ccf1df_6.0.14366.0_none_2d125246bdaebcca\COMCTL32.dll
0x00007ffb4b3c0000 - 0x00007ffb4b66b000 	C:\WINDOWS\System32\combase.dll
0x00007ffb48870000 - 0x00007ffb48964000 	C:\WINDOWS\System32\ucrtbase.dll
0x00007ffb48b60000 - 0x00007ffb48bc9000 	C:\WINDOWS\System32\bcryptPrimitives.dll
0x00007ffb4b380000 - 0x00007ffb4b3ae000 	C:\WINDOWS\System32\IMM32.DLL
0x0000000060a70000 - 0x0000000060b42000 	C:\Program Files\Java\jre1.8.0_73\bin\msvcr100.dll
0x0000000060d50000 - 0x00000000615e0000 	C:\Program Files\Java\jre1.8.0_73\bin\server\jvm.dll
0x00007ffb49540000 - 0x00007ffb49547000 	C:\WINDOWS\System32\PSAPI.DLL
0x00007ffb3b6f0000 - 0x00007ffb3b6f9000 	C:\WINDOWS\SYSTEM32\WSOCK32.dll
0x00007ffb463c0000 - 0x00007ffb463e3000 	C:\WINDOWS\SYSTEM32\WINMM.dll
0x00007ffb425a0000 - 0x00007ffb425aa000 	C:\WINDOWS\SYSTEM32\VERSION.dll
0x00007ffb49560000 - 0x00007ffb495cc000 	C:\WINDOWS\System32\WS2_32.dll
0x00007ffb46340000 - 0x00007ffb4636c000 	C:\WINDOWS\SYSTEM32\WINMMBASE.dll
0x00007ffb48550000 - 0x00007ffb48592000 	C:\WINDOWS\System32\cfgmgr32.dll
0x0000000063050000 - 0x000000006305f000 	C:\Program Files\Java\jre1.8.0_73\bin\verify.dll
0x0000000063020000 - 0x0000000063049000 	C:\Program Files\Java\jre1.8.0_73\bin\java.dll
0x0000000063000000 - 0x0000000063016000 	C:\Program Files\Java\jre1.8.0_73\bin\zip.dll

VM Arguments:
jvm_args: -Dfile.encoding=Cp1252 
java_command: MissionaryCal.ModTest
java_class_path (initial): C:\Users\peter\Documents\GitHub\CIT360\Portfolio\Project\HibernateCal\bin;C:\Java\hibernate-release-5.1.0.Final\lib\required\antlr-2.7.7.jar;C:\Java\hibernate-release-5.1.0.Final\lib\required\classmate-1.3.0.jar;C:\Java\hibernate-release-5.1.0.Final\lib\required\dom4j-1.6.1.jar;C:\Java\hibernate-release-5.1.0.Final\lib\required\geronimo-jta_1.1_spec-1.1.1.jar;C:\Java\hibernate-release-5.1.0.Final\lib\required\hibernate-commons-annotations-5.0.1.Final.jar;C:\Java\hibernate-release-5.1.0.Final\lib\required\hibernate-core-5.1.0.Final.jar;C:\Java\hibernate-release-5.1.0.Final\lib\required\hibernate-jpa-2.1-api-1.0.0.Final.jar;C:\Java\hibernate-release-5.1.0.Final\lib\required\jandex-2.0.0.Final.jar;C:\Java\hibernate-release-5.1.0.Final\lib\required\javassist-3.20.0-GA.jar;C:\Java\hibernate-release-5.1.0.Final\lib\required\jboss-logging-3.3.0.Final.jar;C:\Java\hibernate-release-5.1.0.Final\lib\java8\hibernate-java8-5.1.0.Final.jar;C:\Java\hibernate-release-5.1.0.Final\lib\jpa\hibernate-entitymanager-5.1.0.Final.jar;C:\Java\mysql-connector-java-5.1.39\mysql-connector-java-5.1.39-bin.jar
Launcher Type: SUN_STANDARD

Environment Variables:
PATH=C:/Program Files/Java/jre1.8.0_73/bin/server;C:/Program Files/Java/jre1.8.0_73/bin;C:/Program Files/Java/jre1.8.0_73/lib/amd64;C:\ProgramData\Oracle\Java\javapath;C:\Program Files (x86)\Intel\iCLS Client\;C:\Program Files\Intel\iCLS Client\;C:\Windows\system32;C:\Windows;C:\Windows\System32\Wbem;C:\Windows\System32\WindowsPowerShell\v1.0\;C:\Program Files (x86)\Intel\Intel(R) Management Engine Components\DAL;C:\Program Files\Intel\Intel(R) Management Engine Components\DAL;C:\Program Files (x86)\Intel\Intel(R) Management Engine Components\IPT;C:\Program Files\Intel\Intel(R) Management Engine Components\IPT;C:\Program Files (x86)\Common Files\Acronis\SnapAPI\;C:\Program Files (x86)\QuickTime\QTSystem\;C:\Program Files (x86)\NVIDIA Corporation\PhysX\Common;C:\Program Files (x86)\Common Files\Acronis\VirtualFile\;C:\Program Files (x86)\Common Files\Acronis\VirtualFile64\;%SystemRoot%\system32;%SystemRoot%;%SystemRoot%\System32\Wbem;%SYSTEMROOT%\System32\WindowsPowerShell\v1.0\;C:\Users\peter\AppData\Local\Microsoft\WindowsApps;;C:\eclipse\java-mars\eclipse;
USERNAME=peter
OS=Windows_NT
PROCESSOR_IDENTIFIER=Intel64 Family 6 Model 94 Stepping 3, GenuineIntel



---------------  S Y S T E M  ---------------

OS: Windows 10.0 , 64 bit Build 14366 (10.0.14366.0)

CPU:total 8 (4 cores per cpu, 2 threads per core) family 6 model 94 stepping 3, cmov, cx8, fxsr, mmx, sse, sse2, sse3, ssse3, sse4.1, sse4.2, popcnt, avx, avx2, aes, clmul, erms, rtm, 3dnowpref, lzcnt, ht, tsc, tscinvbit, bmi1, bmi2, adx

Memory: 4k page, physical 33402932k(17526864k free), swap 63855280k(7120k free)

vm_info: Java HotSpot(TM) 64-Bit Server VM (25.73-b02) for windows-amd64 JRE (1.8.0_73-b02), built on Jan 29 2016 17:38:49 by "java_re" with MS VC++ 10.0 (VS2010)

time: Fri Jun 17 22:57:48 2016
elapsed time: 0 seconds (0d 0h 0m 0s)

